<?xml version="1.0" encoding="utf-8" ?>
<mailmerger>
    <settings>
        <template>template value</template>
        <outputfilename>outputfilename value</outputfilename>
        <outputfolder>outputfolder value</outputfolder>
    </settings>
</mailmerger>
